<?xml version="1.0" encoding="UTF-8"?>
<!-- Generated by org.testng.reporters.JUnitReportReporter -->
<testsuite hostname="Aravindh-PC" failures="0" tests="2" name="com.singleton.qa.testcase.SingleFreeCRM" time="0.229" errors="0" timestamp="3 May 2019 01:22:53 GMT">
  <testcase classname="com.singleton.qa.testcase.SingleFreeCRM" name="freecrmlogotest" time="0.214"/>
  <testcase classname="com.singleton.qa.testcase.SingleFreeCRM" name="freecrmtitletest" time="0.015"/>
</testsuite> <!-- com.singleton.qa.testcase.SingleFreeCRM -->
